<?xml version="1.0" encoding="UTF-8"?>
<testng-results ignored="0" total="5" passed="4" failed="1" skipped="0">
  <reporter-output>
  </reporter-output>
  <suite started-at="2023-04-26T18:00:52 IST" name="Default suite" finished-at="2023-04-26T18:05:34 IST" duration-ms="282039">
    <groups>
      <group name="cucumber">
        <method signature="AbstractTestNGCucumberTests.runScenario(io.cucumber.testng.PickleWrapper,io.cucumber.testng.FeatureWrapper)[pri:0, instance:testrunnermarathonfour.Testrunnerclassmarathofour@4c163e3]" name="runScenario" class="io.cucumber.testng.AbstractTestNGCucumberTests"/>
      </group> <!-- cucumber -->
    </groups>
    <test started-at="2023-04-26T18:00:52 IST" name="Default test" finished-at="2023-04-26T18:05:34 IST" duration-ms="282039">
      <class name="testrunnermarathonfour.Testrunnerclassmarathofour">
        <test-method is-config="true" signature="setUpClass(org.testng.ITestContext)[pri:0, instance:testrunnermarathonfour.Testrunnerclassmarathofour@4c163e3]" started-at="2023-04-26T18:00:52 IST" name="setUpClass" finished-at="2023-04-26T18:00:54 IST" duration-ms="2039" status="PASS">
          <params>
            <param index="0">
              <value>
                <![CDATA[org.testng.TestRunner@70fede7d]]>
              </value>
            </param>
          </params>
          <reporter-output>
          </reporter-output>
        </test-method> <!-- setUpClass -->
        <test-method is-config="true" signature="precondition()[pri:0, instance:testrunnermarathonfour.Testrunnerclassmarathofour@4c163e3]" started-at="2023-04-26T18:00:54 IST" name="precondition" finished-at="2023-04-26T18:01:22 IST" duration-ms="27326" status="PASS">
          <reporter-output>
          </reporter-output>
        </test-method> <!-- precondition -->
        <test-method signature="runScenario(io.cucumber.testng.PickleWrapper,io.cucumber.testng.FeatureWrapper)[pri:0, instance:testrunnermarathonfour.Testrunnerclassmarathofour@4c163e3]" started-at="2023-04-26T18:01:22 IST" name="runScenario" description="Runs Cucumber Scenarios" data-provider="scenarios" finished-at="2023-04-26T18:01:33 IST" duration-ms="11740" status="FAIL">
          <params>
            <param index="0">
              <value>
                <![CDATA["Creating New Individuals"]]>
              </value>
            </param>
            <param index="1">
              <value>
                <![CDATA["Create Individuals in Salesfore Application"]]>
              </value>
            </param>
          </params>
          <exception class="org.openqa.selenium.WebDriverException">
            <message>
              <![CDATA[unknown error: cannot determine loading status
from no such window
  (Session info: chrome=112.0.5615.138)
Build info: version: '4.8.2', revision: '826dbfc730'
System info: os.name: 'Windows 10', os.arch: 'amd64', os.version: '10.0', java.version: '11.0.17'
Driver info: org.openqa.selenium.chrome.ChromeDriver
Command: [2a096c4e65149d0593440e62de15292e, clickElement {id=6759d66c-1d2b-4c91-b9b8-259ca0a8b5e8}]
Capabilities {acceptInsecureCerts: false, browserName: chrome, browserVersion: 112.0.5615.138, chrome: {chromedriverVersion: 112.0.5615.49 (bd2a7bcb881c..., userDataDir: C:\Users\TM317US\AppData\Lo...}, goog:chromeOptions: {debuggerAddress: localhost:62698}, networkConnectionEnabled: false, pageLoadStrategy: normal, platformName: WINDOWS, proxy: Proxy(), se:cdp: ws://localhost:62698/devtoo..., se:cdpVersion: 112.0.5615.138, setWindowRect: true, strictFileInteractability: false, timeouts: {implicit: 0, pageLoad: 300000, script: 30000}, unhandledPromptBehavior: dismiss and notify, webauthn:extension:credBlob: true, webauthn:extension:largeBlob: true, webauthn:extension:minPinLength: true, webauthn:extension:prf: true, webauthn:virtualAuthenticators: true}
Element: [[ChromeDriver: chrome on WINDOWS (2a096c4e65149d0593440e62de15292e)] -> id: Login]
Session ID: 2a096c4e65149d0593440e62de15292e]]>
            </message>
            <full-stacktrace>
              <![CDATA[org.openqa.selenium.WebDriverException: unknown error: cannot determine loading status
from no such window
  (Session info: chrome=112.0.5615.138)
Build info: version: '4.8.2', revision: '826dbfc730'
System info: os.name: 'Windows 10', os.arch: 'amd64', os.version: '10.0', java.version: '11.0.17'
Driver info: org.openqa.selenium.chrome.ChromeDriver
Command: [2a096c4e65149d0593440e62de15292e, clickElement {id=6759d66c-1d2b-4c91-b9b8-259ca0a8b5e8}]
Capabilities {acceptInsecureCerts: false, browserName: chrome, browserVersion: 112.0.5615.138, chrome: {chromedriverVersion: 112.0.5615.49 (bd2a7bcb881c..., userDataDir: C:\Users\TM317US\AppData\Lo...}, goog:chromeOptions: {debuggerAddress: localhost:62698}, networkConnectionEnabled: false, pageLoadStrategy: normal, platformName: WINDOWS, proxy: Proxy(), se:cdp: ws://localhost:62698/devtoo..., se:cdpVersion: 112.0.5615.138, setWindowRect: true, strictFileInteractability: false, timeouts: {implicit: 0, pageLoad: 300000, script: 30000}, unhandledPromptBehavior: dismiss and notify, webauthn:extension:credBlob: true, webauthn:extension:largeBlob: true, webauthn:extension:minPinLength: true, webauthn:extension:prf: true, webauthn:virtualAuthenticators: true}
Element: [[ChromeDriver: chrome on WINDOWS (2a096c4e65149d0593440e62de15292e)] -> id: Login]
Session ID: 2a096c4e65149d0593440e62de15292e
at java.base/jdk.internal.reflect.NativeConstructorAccessorImpl.newInstance0(Native Method)
at java.base/jdk.internal.reflect.NativeConstructorAccessorImpl.newInstance(NativeConstructorAccessorImpl.java:62)
at java.base/jdk.internal.reflect.DelegatingConstructorAccessorImpl.newInstance(DelegatingConstructorAccessorImpl.java:45)
at java.base/java.lang.reflect.Constructor.newInstance(Constructor.java:490)
at org.openqa.selenium.remote.codec.w3c.W3CHttpResponseCodec.createException(W3CHttpResponseCodec.java:200)
at org.openqa.selenium.remote.codec.w3c.W3CHttpResponseCodec.decode(W3CHttpResponseCodec.java:133)
at org.openqa.selenium.remote.codec.w3c.W3CHttpResponseCodec.decode(W3CHttpResponseCodec.java:53)
at org.openqa.selenium.remote.HttpCommandExecutor.execute(HttpCommandExecutor.java:193)
at org.openqa.selenium.remote.service.DriverCommandExecutor.invokeExecute(DriverCommandExecutor.java:183)
at org.openqa.selenium.remote.service.DriverCommandExecutor.execute(DriverCommandExecutor.java:158)
at org.openqa.selenium.remote.RemoteWebDriver.execute(RemoteWebDriver.java:543)
at org.openqa.selenium.remote.RemoteWebElement.execute(RemoteWebElement.java:257)
at org.openqa.selenium.remote.RemoteWebElement.click(RemoteWebElement.java:78)
at stepDefinitionsmarathonfour.CreateIndisteps.click_login_button(CreateIndisteps.java:31)
at ✽.Click LoginButton(file:///C:/Users/TM317US/OneDrive%20-%20EY/Desktop/NewWSpace/FinalMarathon/src/main/java/marathonfourFeatures/TC001_CreateIndividuals.feature:7)
]]>
            </full-stacktrace>
          </exception> <!-- org.openqa.selenium.WebDriverException -->
          <reporter-output>
          </reporter-output>
        </test-method> <!-- runScenario -->
        <test-method is-config="true" signature="postcondition()[pri:0, instance:testrunnermarathonfour.Testrunnerclassmarathofour@4c163e3]" started-at="2023-04-26T18:01:33 IST" name="postcondition" finished-at="2023-04-26T18:01:35 IST" duration-ms="1490" status="PASS">
          <reporter-output>
          </reporter-output>
        </test-method> <!-- postcondition -->
        <test-method is-config="true" signature="precondition()[pri:0, instance:testrunnermarathonfour.Testrunnerclassmarathofour@4c163e3]" started-at="2023-04-26T18:01:35 IST" name="precondition" finished-at="2023-04-26T18:01:50 IST" duration-ms="15503" status="PASS">
          <reporter-output>
          </reporter-output>
        </test-method> <!-- precondition -->
        <test-method signature="runScenario(io.cucumber.testng.PickleWrapper,io.cucumber.testng.FeatureWrapper)[pri:0, instance:testrunnermarathonfour.Testrunnerclassmarathofour@4c163e3]" started-at="2023-04-26T18:01:50 IST" name="runScenario" description="Runs Cucumber Scenarios" data-provider="scenarios" finished-at="2023-04-26T18:02:21 IST" duration-ms="30227" status="PASS">
          <params>
            <param index="0">
              <value>
                <![CDATA["Creating New Individuals"]]>
              </value>
            </param>
            <param index="1">
              <value>
                <![CDATA["Create Individuals in Salesfore Application"]]>
              </value>
            </param>
          </params>
          <reporter-output>
          </reporter-output>
        </test-method> <!-- runScenario -->
        <test-method is-config="true" signature="postcondition()[pri:0, instance:testrunnermarathonfour.Testrunnerclassmarathofour@4c163e3]" started-at="2023-04-26T18:02:21 IST" name="postcondition" finished-at="2023-04-26T18:02:21 IST" duration-ms="796" status="PASS">
          <reporter-output>
          </reporter-output>
        </test-method> <!-- postcondition -->
        <test-method is-config="true" signature="precondition()[pri:0, instance:testrunnermarathonfour.Testrunnerclassmarathofour@4c163e3]" started-at="2023-04-26T18:02:21 IST" name="precondition" finished-at="2023-04-26T18:02:42 IST" duration-ms="20940" status="PASS">
          <reporter-output>
          </reporter-output>
        </test-method> <!-- precondition -->
        <test-method signature="runScenario(io.cucumber.testng.PickleWrapper,io.cucumber.testng.FeatureWrapper)[pri:0, instance:testrunnermarathonfour.Testrunnerclassmarathofour@4c163e3]" started-at="2023-04-26T18:02:42 IST" name="runScenario" description="Runs Cucumber Scenarios" data-provider="scenarios" finished-at="2023-04-26T18:03:33 IST" duration-ms="50433" status="PASS">
          <params>
            <param index="0">
              <value>
                <![CDATA["Editing the existing Individuals"]]>
              </value>
            </param>
            <param index="1">
              <value>
                <![CDATA["Edit Individuals in Salesfore Application"]]>
              </value>
            </param>
          </params>
          <reporter-output>
          </reporter-output>
        </test-method> <!-- runScenario -->
        <test-method is-config="true" signature="postcondition()[pri:0, instance:testrunnermarathonfour.Testrunnerclassmarathofour@4c163e3]" started-at="2023-04-26T18:03:33 IST" name="postcondition" finished-at="2023-04-26T18:03:34 IST" duration-ms="949" status="PASS">
          <reporter-output>
          </reporter-output>
        </test-method> <!-- postcondition -->
        <test-method is-config="true" signature="precondition()[pri:0, instance:testrunnermarathonfour.Testrunnerclassmarathofour@4c163e3]" started-at="2023-04-26T18:03:34 IST" name="precondition" finished-at="2023-04-26T18:03:51 IST" duration-ms="17678" status="PASS">
          <reporter-output>
          </reporter-output>
        </test-method> <!-- precondition -->
        <test-method signature="runScenario(io.cucumber.testng.PickleWrapper,io.cucumber.testng.FeatureWrapper)[pri:0, instance:testrunnermarathonfour.Testrunnerclassmarathofour@4c163e3]" started-at="2023-04-26T18:03:51 IST" name="runScenario" description="Runs Cucumber Scenarios" data-provider="scenarios" finished-at="2023-04-26T18:04:32 IST" duration-ms="40090" status="PASS">
          <params>
            <param index="0">
              <value>
                <![CDATA["Editing the existing Individuals"]]>
              </value>
            </param>
            <param index="1">
              <value>
                <![CDATA["Edit Individuals in Salesfore Application"]]>
              </value>
            </param>
          </params>
          <reporter-output>
          </reporter-output>
        </test-method> <!-- runScenario -->
        <test-method is-config="true" signature="postcondition()[pri:0, instance:testrunnermarathonfour.Testrunnerclassmarathofour@4c163e3]" started-at="2023-04-26T18:04:32 IST" name="postcondition" finished-at="2023-04-26T18:04:32 IST" duration-ms="420" status="PASS">
          <reporter-output>
          </reporter-output>
        </test-method> <!-- postcondition -->
        <test-method is-config="true" signature="precondition()[pri:0, instance:testrunnermarathonfour.Testrunnerclassmarathofour@4c163e3]" started-at="2023-04-26T18:04:32 IST" name="precondition" finished-at="2023-04-26T18:04:45 IST" duration-ms="12780" status="PASS">
          <reporter-output>
          </reporter-output>
        </test-method> <!-- precondition -->
        <test-method signature="runScenario(io.cucumber.testng.PickleWrapper,io.cucumber.testng.FeatureWrapper)[pri:0, instance:testrunnermarathonfour.Testrunnerclassmarathofour@4c163e3]" started-at="2023-04-26T18:04:45 IST" name="runScenario" description="Runs Cucumber Scenarios" data-provider="scenarios" finished-at="2023-04-26T18:05:34 IST" duration-ms="48952" status="PASS">
          <params>
            <param index="0">
              <value>
                <![CDATA["Deleting the existing Individuals"]]>
              </value>
            </param>
            <param index="1">
              <value>
                <![CDATA["Delete Individuals in Salesfore Application"]]>
              </value>
            </param>
          </params>
          <reporter-output>
          </reporter-output>
        </test-method> <!-- runScenario -->
        <test-method is-config="true" signature="postcondition()[pri:0, instance:testrunnermarathonfour.Testrunnerclassmarathofour@4c163e3]" started-at="2023-04-26T18:05:34 IST" name="postcondition" finished-at="2023-04-26T18:05:34 IST" duration-ms="403" status="PASS">
          <reporter-output>
          </reporter-output>
        </test-method> <!-- postcondition -->
        <test-method is-config="true" signature="tearDownClass()[pri:0, instance:testrunnermarathonfour.Testrunnerclassmarathofour@4c163e3]" started-at="2023-04-26T18:05:34 IST" name="tearDownClass" finished-at="2023-04-26T18:05:34 IST" duration-ms="101" status="PASS">
          <reporter-output>
          </reporter-output>
        </test-method> <!-- tearDownClass -->
      </class> <!-- testrunnermarathonfour.Testrunnerclassmarathofour -->
    </test> <!-- Default test -->
  </suite> <!-- Default suite -->
</testng-results>
